[0m17:57:54.217601 [debug] [MainThread]: Sending event: {'category': 'dbt', 'action': 'invocation', 'label': 'start', 'context': [<snowplow_tracker.self_describing_json.SelfDescribingJson object at 0x000001D53A701590>, <snowplow_tracker.self_describing_json.SelfDescribingJson object at 0x000001D53A757A50>, <snowplow_tracker.self_describing_json.SelfDescribingJson object at 0x000001D53A700ED0>]}


============================== 17:57:54.223236 | a1d126bf-b2af-4156-957d-3bc6421afb7a ==============================
[0m17:57:54.223236 [info ] [MainThread]: Running with dbt=1.10.5
[0m17:57:54.224698 [debug] [MainThread]: running dbt with arguments {'printer_width': '80', 'indirect_selection': 'eager', 'write_json': 'True', 'log_cache_events': 'False', 'partial_parse': 'True', 'cache_selected_only': 'False', 'warn_error': 'None', 'fail_fast': 'False', 'debug': 'False', 'log_path': 'logs', 'version_check': 'True', 'profiles_dir': 'C:\\Users\\lenovo\\.dbt', 'use_colors': 'True', 'use_experimental_parser': 'False', 'empty': 'None', 'quiet': 'False', 'no_print': 'None', 'log_format': 'default', 'invocation_command': 'dbt debug', 'introspect': 'True', 'static_parser': 'True', 'target_path': 'None', 'warn_error_options': 'WarnErrorOptionsV2(error=[], warn=[], silence=[])', 'send_anonymous_usage_stats': 'True'}
[0m17:57:54.264675 [info ] [MainThread]: dbt version: 1.10.5
[0m17:57:54.265690 [info ] [MainThread]: python version: 3.11.0
[0m17:57:54.266718 [info ] [MainThread]: python path: C:\Users\lenovo\OneDrive - Global WeConnect Technologies Pvt ltd\Desktop\DBT_RETAIL\dbt_retail_env\Scripts\python.exe
[0m17:57:54.268718 [info ] [MainThread]: os info: Windows-10-10.0.26100-SP0
[0m17:57:55.172027 [info ] [MainThread]: Using profiles dir at C:\Users\lenovo\.dbt
[0m17:57:55.173029 [info ] [MainThread]: Using profiles.yml file at C:\Users\lenovo\.dbt\profiles.yml
[0m17:57:55.174024 [info ] [MainThread]: Using dbt_project.yml file at C:\Users\lenovo\OneDrive - Global WeConnect Technologies Pvt ltd\Desktop\DBT_RETAIL\dbt_retail_env\retail_project_dbt\dbt_project.yml
[0m17:57:55.175028 [error] [MainThread]: Encountered an error:
Internal Error
  Profile should not be None if loading profile completed
[0m17:57:55.177025 [debug] [MainThread]: Command `dbt debug` failed at 17:57:55.177025 after 1.10 seconds
[0m17:57:55.178041 [debug] [MainThread]: Sending event: {'category': 'dbt', 'action': 'invocation', 'label': 'end', 'context': [<snowplow_tracker.self_describing_json.SelfDescribingJson object at 0x000001D53A6FEB90>, <snowplow_tracker.self_describing_json.SelfDescribingJson object at 0x000001D53B95EB10>, <snowplow_tracker.self_describing_json.SelfDescribingJson object at 0x000001D533A2C0D0>]}
[0m17:57:55.179064 [debug] [MainThread]: Flushing usage events
[0m17:57:56.226967 [debug] [MainThread]: An error was encountered while trying to flush usage events
[0m17:58:49.049352 [debug] [MainThread]: Sending event: {'category': 'dbt', 'action': 'invocation', 'label': 'start', 'context': [<snowplow_tracker.self_describing_json.SelfDescribingJson object at 0x000002175EE213D0>, <snowplow_tracker.self_describing_json.SelfDescribingJson object at 0x000002175EE20E50>, <snowplow_tracker.self_describing_json.SelfDescribingJson object at 0x000002175EE20410>]}


============================== 17:58:49.057976 | 9a2dd878-a1b8-4af6-92bd-56d7c3d99fcd ==============================
[0m17:58:49.057976 [info ] [MainThread]: Running with dbt=1.10.5
[0m17:58:49.059942 [debug] [MainThread]: running dbt with arguments {'printer_width': '80', 'indirect_selection': 'eager', 'log_cache_events': 'False', 'write_json': 'True', 'partial_parse': 'True', 'cache_selected_only': 'False', 'warn_error': 'None', 'debug': 'False', 'version_check': 'True', 'log_path': 'C:\\Users\\lenovo\\OneDrive - Global WeConnect Technologies Pvt ltd\\Desktop\\DBT_RETAIL\\dbt_retail_env\\retail_project_dbt\\logs', 'profiles_dir': 'C:\\Users\\lenovo\\.dbt', 'fail_fast': 'False', 'use_colors': 'True', 'use_experimental_parser': 'False', 'no_print': 'None', 'quiet': 'False', 'empty': 'None', 'warn_error_options': 'WarnErrorOptionsV2(error=[], warn=[], silence=[])', 'static_parser': 'True', 'introspect': 'True', 'invocation_command': 'dbt debug', 'target_path': 'None', 'log_format': 'default', 'send_anonymous_usage_stats': 'True'}
[0m17:58:49.105536 [info ] [MainThread]: dbt version: 1.10.5
[0m17:58:49.107551 [info ] [MainThread]: python version: 3.11.0
[0m17:58:49.108542 [info ] [MainThread]: python path: C:\Users\lenovo\OneDrive - Global WeConnect Technologies Pvt ltd\Desktop\DBT_RETAIL\dbt_retail_env\Scripts\python.exe
[0m17:58:49.109538 [info ] [MainThread]: os info: Windows-10-10.0.26100-SP0
[0m17:58:49.886382 [info ] [MainThread]: Using profiles dir at C:\Users\lenovo\.dbt
[0m17:58:49.887344 [info ] [MainThread]: Using profiles.yml file at C:\Users\lenovo\.dbt\profiles.yml
[0m17:58:49.888446 [info ] [MainThread]: Using dbt_project.yml file at C:\Users\lenovo\OneDrive - Global WeConnect Technologies Pvt ltd\Desktop\DBT_RETAIL\dbt_retail_env\retail_project_dbt\dbt_project.yml
[0m17:58:49.890966 [info ] [MainThread]: adapter type: snowflake
[0m17:58:49.892576 [info ] [MainThread]: adapter version: 1.10.0
[0m17:58:50.034825 [info ] [MainThread]: Configuration:
[0m17:58:50.035797 [info ] [MainThread]:   profiles.yml file [[32mOK found and valid[0m]
[0m17:58:50.036823 [info ] [MainThread]:   dbt_project.yml file [[32mOK found and valid[0m]
[0m17:58:50.038139 [info ] [MainThread]: Required dependencies:
[0m17:58:50.039352 [debug] [MainThread]: Executing "git --help"
[0m17:58:50.090473 [debug] [MainThread]: STDOUT: "b"usage: git [-v | --version] [-h | --help] [-C <path>] [-c <name>=<value>]\n           [--exec-path[=<path>]] [--html-path] [--man-path] [--info-path]\n           [-p | --paginate | -P | --no-pager] [--no-replace-objects] [--no-lazy-fetch]\n           [--no-optional-locks] [--no-advice] [--bare] [--git-dir=<path>]\n           [--work-tree=<path>] [--namespace=<name>] [--config-env=<name>=<envvar>]\n           <command> [<args>]\n\nThese are common Git commands used in various situations:\n\nstart a working area (see also: git help tutorial)\n   clone      Clone a repository into a new directory\n   init       Create an empty Git repository or reinitialize an existing one\n\nwork on the current change (see also: git help everyday)\n   add        Add file contents to the index\n   mv         Move or rename a file, a directory, or a symlink\n   restore    Restore working tree files\n   rm         Remove files from the working tree and from the index\n\nexamine the history and state (see also: git help revisions)\n   bisect     Use binary search to find the commit that introduced a bug\n   diff       Show changes between commits, commit and working tree, etc\n   grep       Print lines matching a pattern\n   log        Show commit logs\n   show       Show various types of objects\n   status     Show the working tree status\n\ngrow, mark and tweak your common history\n   backfill   Download missing objects in a partial clone\n   branch     List, create, or delete branches\n   commit     Record changes to the repository\n   merge      Join two or more development histories together\n   rebase     Reapply commits on top of another base tip\n   reset      Reset current HEAD to the specified state\n   switch     Switch branches\n   tag        Create, list, delete or verify a tag object signed with GPG\n\ncollaborate (see also: git help workflows)\n   fetch      Download objects and refs from another repository\n   pull       Fetch from and integrate with another repository or a local branch\n   push       Update remote refs along with associated objects\n\n'git help -a' and 'git help -g' list available subcommands and some\nconcept guides. See 'git help <command>' or 'git help <concept>'\nto read about a specific subcommand or concept.\nSee 'git help git' for an overview of the system.\n""
[0m17:58:50.091524 [debug] [MainThread]: STDERR: "b''"
[0m17:58:50.092483 [info ] [MainThread]:  - git [[32mOK found[0m]

[0m17:58:50.093931 [info ] [MainThread]: Connection:
[0m17:58:50.094929 [info ] [MainThread]:   account: MIRADCH-OM04859
[0m17:58:50.095932 [info ] [MainThread]:   user: AJITH
[0m17:58:50.097937 [info ] [MainThread]:   database: SALES_DB
[0m17:58:50.099272 [info ] [MainThread]:   warehouse: COMPUTE_WH
[0m17:58:50.101858 [info ] [MainThread]:   role: ACCOUNTADMIN
[0m17:58:50.103811 [info ] [MainThread]:   schema: RAW
[0m17:58:50.106160 [info ] [MainThread]:   authenticator: None
[0m17:58:50.107167 [info ] [MainThread]:   oauth_client_id: None
[0m17:58:50.109281 [info ] [MainThread]:   query_tag: None
[0m17:58:50.110794 [info ] [MainThread]:   client_session_keep_alive: False
[0m17:58:50.111894 [info ] [MainThread]:   host: None
[0m17:58:50.114244 [info ] [MainThread]:   port: None
[0m17:58:50.115730 [info ] [MainThread]:   proxy_host: None
[0m17:58:50.117728 [info ] [MainThread]:   proxy_port: None
[0m17:58:50.120087 [info ] [MainThread]:   protocol: None
[0m17:58:50.121616 [info ] [MainThread]:   connect_retries: 1
[0m17:58:50.124164 [info ] [MainThread]:   connect_timeout: None
[0m17:58:50.125262 [info ] [MainThread]:   retry_on_database_errors: False
[0m17:58:50.126421 [info ] [MainThread]:   retry_all: False
[0m17:58:50.128668 [info ] [MainThread]:   insecure_mode: False
[0m17:58:50.129685 [info ] [MainThread]:   reuse_connections: True
[0m17:58:50.130663 [info ] [MainThread]:   s3_stage_vpce_dns_name: None
[0m17:58:50.132271 [info ] [MainThread]: Registered adapter: snowflake=1.10.0
[0m17:58:50.614843 [debug] [MainThread]: Acquiring new snowflake connection 'debug'
[0m17:58:50.735836 [debug] [MainThread]: Using snowflake connection "debug"
[0m17:58:50.736810 [debug] [MainThread]: On debug: select 1 as id
[0m17:58:50.736810 [debug] [MainThread]: Opening a new connection, currently in state init
[0m17:58:52.021322 [debug] [MainThread]: SQL status: SUCCESS 1 in 1.284 seconds
[0m17:58:52.023410 [info ] [MainThread]:   Connection test: [[32mOK connection ok[0m]

[0m17:58:52.025923 [info ] [MainThread]: [32mAll checks passed![0m
[0m17:58:52.029142 [debug] [MainThread]: Command `dbt debug` succeeded at 17:58:52.029142 after 3.09 seconds
[0m17:58:52.030694 [debug] [MainThread]: Connection 'debug' was left open.
[0m17:58:52.032750 [debug] [MainThread]: On debug: Close
[0m17:58:52.188936 [debug] [MainThread]: Sending event: {'category': 'dbt', 'action': 'invocation', 'label': 'end', 'context': [<snowplow_tracker.self_describing_json.SelfDescribingJson object at 0x00000217580BC0D0>, <snowplow_tracker.self_describing_json.SelfDescribingJson object at 0x000002175818EE90>, <snowplow_tracker.self_describing_json.SelfDescribingJson object at 0x00000217613B91D0>]}
[0m17:58:52.190937 [debug] [MainThread]: Flushing usage events
[0m17:58:53.168647 [debug] [MainThread]: An error was encountered while trying to flush usage events
